Copyright 1986-2022 Xilinx, Inc. All Rights Reserved. Copyright 2022-2025 Advanced Micro Devices, Inc. All Rights Reserved.
--------------------------------------------------------------------------------------------------------------------------------------------------------------------------
| Tool Version : Vivado v.2025.1 (win64) Build 6140274 Thu May 22 00:12:29 MDT 2025
| Date         : Sat Sep 13 02:17:50 2025
| Host         : Peter-PC_Rig running 64-bit major release  (build 9200)
| Command      : report_methodology -file Counter16Bit_methodology_drc_routed.rpt -pb Counter16Bit_methodology_drc_routed.pb -rpx Counter16Bit_methodology_drc_routed.rpx
| Design       : Counter16Bit
| Device       : xc7z007sclg400-1
| Speed File   : -1
| Design State : Fully Routed
--------------------------------------------------------------------------------------------------------------------------------------------------------------------------

Report Methodology

Table of Contents
-----------------
1. REPORT SUMMARY
2. REPORT DETAILS

1. REPORT SUMMARY
-----------------
            Netlist: netlist
          Floorplan: design_1
      Design limits: <entire design considered>
             Max checks: <unlimited>
             Checks found: 74
+-----------+----------+--------------------------------+--------+
| Rule      | Severity | Description                    | Checks |
+-----------+----------+--------------------------------+--------+
| LUTAR-1   | Warning  | LUT drives async reset alert   | 1      |
| TIMING-18 | Warning  | Missing input or output delay  | 38     |
| TIMING-20 | Warning  | Non-clocked latch              | 34     |
| LATCH-1   | Advisory | Existing latches in the design | 1      |
+-----------+----------+--------------------------------+--------+

2. REPORT DETAILS
-----------------
LUTAR-1#1 Warning
LUT drives async reset alert  
LUT cell counter/start_reg_i_2, with 2 or more inputs, drives asynchronous preset/clear pin(s) counter/start_reg/CLR. The LUT may glitch and trigger an unexpected reset, even if it is a properly timed path.
Related violations: <none>

TIMING-18#1 Warning
Missing input or output delay  
An input delay is missing on PB[0] relative to the rising and/or falling clock edge(s) of sys_clk_pin.
Related violations: <none>

TIMING-18#2 Warning
Missing input or output delay  
An input delay is missing on PB[1] relative to the rising and/or falling clock edge(s) of sys_clk_pin.
Related violations: <none>

TIMING-18#3 Warning
Missing input or output delay  
An input delay is missing on PB[2] relative to the rising and/or falling clock edge(s) of sys_clk_pin.
Related violations: <none>

TIMING-18#4 Warning
Missing input or output delay  
An input delay is missing on PB[3] relative to the rising and/or falling clock edge(s) of sys_clk_pin.
Related violations: <none>

TIMING-18#5 Warning
Missing input or output delay  
An input delay is missing on SW[0] relative to the rising and/or falling clock edge(s) of sys_clk_pin.
Related violations: <none>

TIMING-18#6 Warning
Missing input or output delay  
An input delay is missing on SW[10] relative to the rising and/or falling clock edge(s) of sys_clk_pin.
Related violations: <none>

TIMING-18#7 Warning
Missing input or output delay  
An input delay is missing on SW[11] relative to the rising and/or falling clock edge(s) of sys_clk_pin.
Related violations: <none>

TIMING-18#8 Warning
Missing input or output delay  
An input delay is missing on SW[1] relative to the rising and/or falling clock edge(s) of sys_clk_pin.
Related violations: <none>

TIMING-18#9 Warning
Missing input or output delay  
An input delay is missing on SW[2] relative to the rising and/or falling clock edge(s) of sys_clk_pin.
Related violations: <none>

TIMING-18#10 Warning
Missing input or output delay  
An input delay is missing on SW[3] relative to the rising and/or falling clock edge(s) of sys_clk_pin.
Related violations: <none>

TIMING-18#11 Warning
Missing input or output delay  
An input delay is missing on SW[4] relative to the rising and/or falling clock edge(s) of sys_clk_pin.
Related violations: <none>

TIMING-18#12 Warning
Missing input or output delay  
An input delay is missing on SW[5] relative to the rising and/or falling clock edge(s) of sys_clk_pin.
Related violations: <none>

TIMING-18#13 Warning
Missing input or output delay  
An input delay is missing on SW[6] relative to the rising and/or falling clock edge(s) of sys_clk_pin.
Related violations: <none>

TIMING-18#14 Warning
Missing input or output delay  
An input delay is missing on SW[7] relative to the rising and/or falling clock edge(s) of sys_clk_pin.
Related violations: <none>

TIMING-18#15 Warning
Missing input or output delay  
An input delay is missing on SW[8] relative to the rising and/or falling clock edge(s) of sys_clk_pin.
Related violations: <none>

TIMING-18#16 Warning
Missing input or output delay  
An input delay is missing on SW[9] relative to the rising and/or falling clock edge(s) of sys_clk_pin.
Related violations: <none>

TIMING-18#17 Warning
Missing input or output delay  
An output delay is missing on LED[0] relative to the rising and/or falling clock edge(s) of sys_clk_pin.
Related violations: <none>

TIMING-18#18 Warning
Missing input or output delay  
An output delay is missing on LED[1] relative to the rising and/or falling clock edge(s) of sys_clk_pin.
Related violations: <none>

TIMING-18#19 Warning
Missing input or output delay  
An output delay is missing on LED[2] relative to the rising and/or falling clock edge(s) of sys_clk_pin.
Related violations: <none>

TIMING-18#20 Warning
Missing input or output delay  
An output delay is missing on LED[3] relative to the rising and/or falling clock edge(s) of sys_clk_pin.
Related violations: <none>

TIMING-18#21 Warning
Missing input or output delay  
An output delay is missing on LED[4] relative to the rising and/or falling clock edge(s) of sys_clk_pin.
Related violations: <none>

TIMING-18#22 Warning
Missing input or output delay  
An output delay is missing on LED[5] relative to the rising and/or falling clock edge(s) of sys_clk_pin.
Related violations: <none>

TIMING-18#23 Warning
Missing input or output delay  
An output delay is missing on LED[6] relative to the rising and/or falling clock edge(s) of sys_clk_pin.
Related violations: <none>

TIMING-18#24 Warning
Missing input or output delay  
An output delay is missing on LED[7] relative to the rising and/or falling clock edge(s) of sys_clk_pin.
Related violations: <none>

TIMING-18#25 Warning
Missing input or output delay  
An output delay is missing on LED[8] relative to the rising and/or falling clock edge(s) of sys_clk_pin.
Related violations: <none>

TIMING-18#26 Warning
Missing input or output delay  
An output delay is missing on LED[9] relative to the rising and/or falling clock edge(s) of sys_clk_pin.
Related violations: <none>

TIMING-18#27 Warning
Missing input or output delay  
An output delay is missing on SS_ANODE[0] relative to the rising and/or falling clock edge(s) of sys_clk_pin.
Related violations: <none>

TIMING-18#28 Warning
Missing input or output delay  
An output delay is missing on SS_ANODE[1] relative to the rising and/or falling clock edge(s) of sys_clk_pin.
Related violations: <none>

TIMING-18#29 Warning
Missing input or output delay  
An output delay is missing on SS_ANODE[2] relative to the rising and/or falling clock edge(s) of sys_clk_pin.
Related violations: <none>

TIMING-18#30 Warning
Missing input or output delay  
An output delay is missing on SS_ANODE[3] relative to the rising and/or falling clock edge(s) of sys_clk_pin.
Related violations: <none>

TIMING-18#31 Warning
Missing input or output delay  
An output delay is missing on SS_CATHODE[0] relative to the rising and/or falling clock edge(s) of sys_clk_pin.
Related violations: <none>

TIMING-18#32 Warning
Missing input or output delay  
An output delay is missing on SS_CATHODE[1] relative to the rising and/or falling clock edge(s) of sys_clk_pin.
Related violations: <none>

TIMING-18#33 Warning
Missing input or output delay  
An output delay is missing on SS_CATHODE[2] relative to the rising and/or falling clock edge(s) of sys_clk_pin.
Related violations: <none>

TIMING-18#34 Warning
Missing input or output delay  
An output delay is missing on SS_CATHODE[3] relative to the rising and/or falling clock edge(s) of sys_clk_pin.
Related violations: <none>

TIMING-18#35 Warning
Missing input or output delay  
An output delay is missing on SS_CATHODE[4] relative to the rising and/or falling clock edge(s) of sys_clk_pin.
Related violations: <none>

TIMING-18#36 Warning
Missing input or output delay  
An output delay is missing on SS_CATHODE[5] relative to the rising and/or falling clock edge(s) of sys_clk_pin.
Related violations: <none>

TIMING-18#37 Warning
Missing input or output delay  
An output delay is missing on SS_CATHODE[6] relative to the rising and/or falling clock edge(s) of sys_clk_pin.
Related violations: <none>

TIMING-18#38 Warning
Missing input or output delay  
An output delay is missing on SS_CATHODE[7] relative to the rising and/or falling clock edge(s) of sys_clk_pin.
Related violations: <none>

TIMING-20#1 Warning
Non-clocked latch  
The latch counter/overflow_count_reg[0] cannot be properly analyzed as its control pin counter/overflow_count_reg[0]/G is not reached by a timing clock
Related violations: <none>

TIMING-20#2 Warning
Non-clocked latch  
The latch counter/overflow_count_reg[10] cannot be properly analyzed as its control pin counter/overflow_count_reg[10]/G is not reached by a timing clock
Related violations: <none>

TIMING-20#3 Warning
Non-clocked latch  
The latch counter/overflow_count_reg[11] cannot be properly analyzed as its control pin counter/overflow_count_reg[11]/G is not reached by a timing clock
Related violations: <none>

TIMING-20#4 Warning
Non-clocked latch  
The latch counter/overflow_count_reg[12] cannot be properly analyzed as its control pin counter/overflow_count_reg[12]/G is not reached by a timing clock
Related violations: <none>

TIMING-20#5 Warning
Non-clocked latch  
The latch counter/overflow_count_reg[13] cannot be properly analyzed as its control pin counter/overflow_count_reg[13]/G is not reached by a timing clock
Related violations: <none>

TIMING-20#6 Warning
Non-clocked latch  
The latch counter/overflow_count_reg[14] cannot be properly analyzed as its control pin counter/overflow_count_reg[14]/G is not reached by a timing clock
Related violations: <none>

TIMING-20#7 Warning
Non-clocked latch  
The latch counter/overflow_count_reg[15] cannot be properly analyzed as its control pin counter/overflow_count_reg[15]/G is not reached by a timing clock
Related violations: <none>

TIMING-20#8 Warning
Non-clocked latch  
The latch counter/overflow_count_reg[1] cannot be properly analyzed as its control pin counter/overflow_count_reg[1]/G is not reached by a timing clock
Related violations: <none>

TIMING-20#9 Warning
Non-clocked latch  
The latch counter/overflow_count_reg[2] cannot be properly analyzed as its control pin counter/overflow_count_reg[2]/G is not reached by a timing clock
Related violations: <none>

TIMING-20#10 Warning
Non-clocked latch  
The latch counter/overflow_count_reg[3] cannot be properly analyzed as its control pin counter/overflow_count_reg[3]/G is not reached by a timing clock
Related violations: <none>

TIMING-20#11 Warning
Non-clocked latch  
The latch counter/overflow_count_reg[4] cannot be properly analyzed as its control pin counter/overflow_count_reg[4]/G is not reached by a timing clock
Related violations: <none>

TIMING-20#12 Warning
Non-clocked latch  
The latch counter/overflow_count_reg[5] cannot be properly analyzed as its control pin counter/overflow_count_reg[5]/G is not reached by a timing clock
Related violations: <none>

TIMING-20#13 Warning
Non-clocked latch  
The latch counter/overflow_count_reg[6] cannot be properly analyzed as its control pin counter/overflow_count_reg[6]/G is not reached by a timing clock
Related violations: <none>

TIMING-20#14 Warning
Non-clocked latch  
The latch counter/overflow_count_reg[7] cannot be properly analyzed as its control pin counter/overflow_count_reg[7]/G is not reached by a timing clock
Related violations: <none>

TIMING-20#15 Warning
Non-clocked latch  
The latch counter/overflow_count_reg[8] cannot be properly analyzed as its control pin counter/overflow_count_reg[8]/G is not reached by a timing clock
Related violations: <none>

TIMING-20#16 Warning
Non-clocked latch  
The latch counter/overflow_count_reg[9] cannot be properly analyzed as its control pin counter/overflow_count_reg[9]/G is not reached by a timing clock
Related violations: <none>

TIMING-20#17 Warning
Non-clocked latch  
The latch counter/start_reg cannot be properly analyzed as its control pin counter/start_reg/G is not reached by a timing clock
Related violations: <none>

TIMING-20#18 Warning
Non-clocked latch  
The latch counter/underflow_count_reg[0] cannot be properly analyzed as its control pin counter/underflow_count_reg[0]/G is not reached by a timing clock
Related violations: <none>

TIMING-20#19 Warning
Non-clocked latch  
The latch counter/underflow_count_reg[10] cannot be properly analyzed as its control pin counter/underflow_count_reg[10]/G is not reached by a timing clock
Related violations: <none>

TIMING-20#20 Warning
Non-clocked latch  
The latch counter/underflow_count_reg[11] cannot be properly analyzed as its control pin counter/underflow_count_reg[11]/G is not reached by a timing clock
Related violations: <none>

TIMING-20#21 Warning
Non-clocked latch  
The latch counter/underflow_count_reg[12] cannot be properly analyzed as its control pin counter/underflow_count_reg[12]/G is not reached by a timing clock
Related violations: <none>

TIMING-20#22 Warning
Non-clocked latch  
The latch counter/underflow_count_reg[13] cannot be properly analyzed as its control pin counter/underflow_count_reg[13]/G is not reached by a timing clock
Related violations: <none>

TIMING-20#23 Warning
Non-clocked latch  
The latch counter/underflow_count_reg[14] cannot be properly analyzed as its control pin counter/underflow_count_reg[14]/G is not reached by a timing clock
Related violations: <none>

TIMING-20#24 Warning
Non-clocked latch  
The latch counter/underflow_count_reg[15] cannot be properly analyzed as its control pin counter/underflow_count_reg[15]/G is not reached by a timing clock
Related violations: <none>

TIMING-20#25 Warning
Non-clocked latch  
The latch counter/underflow_count_reg[1] cannot be properly analyzed as its control pin counter/underflow_count_reg[1]/G is not reached by a timing clock
Related violations: <none>

TIMING-20#26 Warning
Non-clocked latch  
The latch counter/underflow_count_reg[2] cannot be properly analyzed as its control pin counter/underflow_count_reg[2]/G is not reached by a timing clock
Related violations: <none>

TIMING-20#27 Warning
Non-clocked latch  
The latch counter/underflow_count_reg[3] cannot be properly analyzed as its control pin counter/underflow_count_reg[3]/G is not reached by a timing clock
Related violations: <none>

TIMING-20#28 Warning
Non-clocked latch  
The latch counter/underflow_count_reg[4] cannot be properly analyzed as its control pin counter/underflow_count_reg[4]/G is not reached by a timing clock
Related violations: <none>

TIMING-20#29 Warning
Non-clocked latch  
The latch counter/underflow_count_reg[5] cannot be properly analyzed as its control pin counter/underflow_count_reg[5]/G is not reached by a timing clock
Related violations: <none>

TIMING-20#30 Warning
Non-clocked latch  
The latch counter/underflow_count_reg[6] cannot be properly analyzed as its control pin counter/underflow_count_reg[6]/G is not reached by a timing clock
Related violations: <none>

TIMING-20#31 Warning
Non-clocked latch  
The latch counter/underflow_count_reg[7] cannot be properly analyzed as its control pin counter/underflow_count_reg[7]/G is not reached by a timing clock
Related violations: <none>

TIMING-20#32 Warning
Non-clocked latch  
The latch counter/underflow_count_reg[8] cannot be properly analyzed as its control pin counter/underflow_count_reg[8]/G is not reached by a timing clock
Related violations: <none>

TIMING-20#33 Warning
Non-clocked latch  
The latch counter/underflow_count_reg[9] cannot be properly analyzed as its control pin counter/underflow_count_reg[9]/G is not reached by a timing clock
Related violations: <none>

TIMING-20#34 Warning
Non-clocked latch  
The latch counter/underflow_occurred_reg cannot be properly analyzed as its control pin counter/underflow_occurred_reg/G is not reached by a timing clock
Related violations: <none>

LATCH-1#1 Advisory
Existing latches in the design  
There are 34 latches found in the design. Inferred latches are often the result of HDL coding mistakes, such as incomplete if or case statements.
Related violations: <none>


